<?xml version="1.0" encoding="UTF-8"?>
<!-- Generated by org.testng.reporters.JUnitReportReporter -->
<testsuite hostname="asdf-PC" failures="0" tests="2" name="restassuredTest1.RestTest2" time="3.835" errors="0" timestamp="2023-08-22T13:46:36 IST" skipped="1">
  <testcase classname="restassuredTest1.RestTest2" name="testResponse2" time="3.835"/>
  <testcase classname="restassuredTest1.RestTest2" name="testResponse1">
    <skipped/>
  </testcase> <!-- testResponse1 -->
</testsuite> <!-- restassuredTest1.RestTest2 -->
