<?xml version="1.0" encoding="UTF-8"?>
<!-- Generated by org.testng.reporters.JUnitReportReporter -->
<testsuite hostname="asdf-PC" failures="0" tests="1" name="restassuredTest1.RestTest1" time="2.871" errors="0" timestamp="2023-08-22T13:05:46 IST" skipped="0">
  <testcase classname="restassuredTest1.RestTest1" name="rest1" time="2.871"/>
</testsuite> <!-- restassuredTest1.RestTest1 -->
